[2025-12-28 21:30:40] SERVER STARTED on port 8080
[2025-12-28 21:30:40] SERVER LISTENING on port 8080
[2025-12-28 21:30:43] CLIENT CONNECTED: 127.0.0.1:56190 (sock=5)
[2025-12-28 21:30:45] CLIENT CONNECTED: 127.0.0.1:40966 (sock=6)
[2025-12-28 21:30:52] LOGIN FAIL: user not found: 1
[2025-12-28 21:31:00] LOGIN OK: hoang (sock=5)
[2025-12-28 21:31:09] LOGIN OK: khanh (sock=6)
[2025-12-28 21:31:16] MOVE OK: player 0 at row=0 col=0 (match_id=1, sock=5)
[2025-12-28 21:31:20] MOVE OK: player 1 at row=1 col=0 (match_id=1, sock=6)
[2025-12-28 21:31:23] MOVE OK: player 0 at row=0 col=1 (match_id=1, sock=5)
[2025-12-28 21:31:25] MOVE OK: player 1 at row=1 col=1 (match_id=1, sock=6)
[2025-12-28 21:31:27] MOVE OK: player 0 at row=0 col=2 (match_id=1, sock=5)
[2025-12-28 21:31:27] MATCH RESULT: player 0 wins (match_id=1)
[2025-12-28 21:32:11] MOVE OK: player 0 at row=0 col=0 (match_id=1, sock=5)
[2025-12-28 21:32:14] STOP OK: match stopped (match_id=1, initiator_idx=0)
[2025-12-28 21:32:20] MOVE OK: player 0 at row=0 col=0 (match_id=1, sock=5)
[2025-12-28 21:32:23] CLIENT DISCONNECTED: sock=5
[2025-12-28 21:35:04] SERVER STARTED on port 8080
[2025-12-28 21:35:04] SERVER LISTENING on port 8080
[2025-12-28 21:35:07] CLIENT CONNECTED: 127.0.0.1:39872 (sock=5)
[2025-12-28 21:35:09] CLIENT CONNECTED: 127.0.0.1:39874 (sock=6)
[2025-12-28 21:35:13] LOGIN OK: hoang (sock=5)
[2025-12-28 21:35:20] LOGIN OK: khanh (sock=6)
[2025-12-28 21:35:24] MOVE OK: player 0 at row=0 col=0 (match_id=1, sock=5)
[2025-12-28 21:35:28] MOVE OK: player 1 at row=1 col=0 (match_id=1, sock=6)
[2025-12-28 21:35:32] MOVE OK: player 0 at row=0 col=1 (match_id=1, sock=5)
[2025-12-28 21:35:35] MOVE OK: player 1 at row=1 col=1 (match_id=1, sock=6)
[2025-12-28 21:35:39] MOVE OK: player 0 at row=0 col=2 (match_id=1, sock=5)
[2025-12-28 21:35:39] MATCH RESULT: player 0 wins (match_id=1)
[2025-12-28 21:35:44] CLIENT DISCONNECTED: sock=6
[2025-12-28 21:35:45] CLIENT DISCONNECTED: sock=5
